len=  0
nodeid=  0
0
len=  1
nodeid=  1
1
len=  2
nodeid=  2
2
len=  3
nodeid=  3
3
len=  4
nodeid=  4
4
len=  5
nodeid=  5
5
len=  6
nodeid=  6
6
len=  7
nodeid=  7
7
len=  8
nodeid=  8
8
len=  9
nodeid=  9
9
len=  10
nodeid=  10
10
len=  11
nodeid=  11
11
len=  12
nodeid=  12
12
len=  13
nodeid=  13
13
len=  14
nodeid=  14
14
len=  15
nodeid=  15
15
len=  16
nodeid=  16
16
len=  17
nodeid=  17
17
len=  18
nodeid=  18
18
len=  19
nodeid=  19
19
len=  20
nodeid=  20
20
len=  21
nodeid=  21
21
len=  22
nodeid=  22
22
len=  23
nodeid=  23
23
len=  24
nodeid=  24
24
len=  25
nodeid=  25
25
len=  26
nodeid=  26
26
len=  27
nodeid=  27
27
len=  28
nodeid=  28
28
len=  29
nodeid=  29
29
len=  30
nodeid=  30
30
len=  31
nodeid=  31
31
len=  32
nodeid=  32
32
len=  33
nodeid=  33
33
len=  34
nodeid=  34
34
len=  35
nodeid=  35
35
len=  36
nodeid=  36
36
len=  37
nodeid=  37
37
len=  38
nodeid=  38
38
len=  39
nodeid=  39
39
len=  40
nodeid=  40
40
len=  41
nodeid=  41
41
len=  42
nodeid=  42
42
len=  43
nodeid=  43
43
len=  44
nodeid=  44
44
len=  45
nodeid=  45
45
len=  46
nodeid=  46
46
len=  47
nodeid=  47
47
len=  48
nodeid=  48
48
len=  49
nodeid=  49
49
len=  50
nodeid=  50
50
len=  51
nodeid=  51
51
len=  52
nodeid=  52
52
len=  53
nodeid=  53
53
len=  54
nodeid=  54
54
len=  55
nodeid=  55
55
len=  56
nodeid=  56
56
len=  57
nodeid=  57
57
len=  58
nodeid=  58
58
len=  59
nodeid=  59
59
len=  60
nodeid=  60
60
len=  61
nodeid=  61
61
len=  62
nodeid=  62
62
len=  63
nodeid=  63
63
len=  64
nodeid=  64
64
len=  65
nodeid=  65
65
len=  66
nodeid=  66
66
len=  67
nodeid=  67
67
len=  68
nodeid=  68
68
len=  69
nodeid=  69
69
len=  70
nodeid=  70
70
len=  71
nodeid=  71
71
len=  72
nodeid=  72
72
len=  73
nodeid=  73
73
len=  74
nodeid=  74
74
len=  75
nodeid=  75
75
len=  76
nodeid=  76
76
len=  77
nodeid=  77
77
len=  78
nodeid=  78
78
len=  79
nodeid=  79
79
len=  80
nodeid=  80
80
len=  81
nodeid=  81
81
len=  82
nodeid=  82
82
len=  83
nodeid=  83
83
len=  84
nodeid=  84
84
len=  85
nodeid=  85
85
len=  86
nodeid=  86
86
len=  87
nodeid=  87
87
len=  88
nodeid=  88
88
len=  89
nodeid=  89
89
len=  90
nodeid=  90
90
len=  91
nodeid=  91
91
len=  92
nodeid=  92
92
len=  93
nodeid=  93
93
len=  94
nodeid=  94
94
len=  95
nodeid=  95
95
len=  96
nodeid=  96
96
len=  97
nodeid=  97
97
len=  98
nodeid=  98
98
len=  99
nodeid=  99
99
len=  100
nodeid=  100
100
len=  101
nodeid=  101
101
len=  102
nodeid=  102
102
len=  103
nodeid=  103
103
len=  104
nodeid=  104
104
len=  105
nodeid=  105
105
len=  106
nodeid=  106
106
len=  107
nodeid=  107
107
len=  108
nodeid=  108
108
len=  109
nodeid=  109
109
len=  110
nodeid=  110
110
len=  111
nodeid=  111
111
len=  112
nodeid=  112
112
len=  113
nodeid=  113
113
len=  114
nodeid=  114
114
len=  115
nodeid=  115
115
len=  116
nodeid=  116
116
len=  117
nodeid=  117
117
len=  118
nodeid=  118
118
len=  119
nodeid=  119
119
len=  120
nodeid=  120
120
len=  121
nodeid=  121
121
len=  122
nodeid=  122
122
len=  123
nodeid=  123
123
len=  124
nodeid=  124
124
len=  125
nodeid=  125
125
len=  126
nodeid=  126
126
len=  127
nodeid=  127
127
len=  128
nodeid=  128
128
len=  129
nodeid=  129
129
len=  130
nodeid=  130
130
len=  131
nodeid=  131
131
len=  132
nodeid=  132
132
len=  133
nodeid=  133
133
len=  134
nodeid=  134
134
len=  135
nodeid=  135
135
len=  136
nodeid=  136
136
len=  137
nodeid=  137
137
len=  138
nodeid=  138
138
len=  139
nodeid=  139
139
len=  140
nodeid=  140
140
len=  141
nodeid=  141
141
len=  142
nodeid=  142
142
len=  143
nodeid=  143
143
len=  144
nodeid=  144
144
len=  145
nodeid=  145
145
len=  146
nodeid=  146
146
len=  147
nodeid=  147
147
len=  148
nodeid=  148
148
len=  149
nodeid=  149
149
len=  150
nodeid=  150
150
len=  151
nodeid=  151
151
len=  152
nodeid=  152
152
len=  153
nodeid=  153
153
len=  154
nodeid=  154
154
len=  155
nodeid=  155
155
len=  156
nodeid=  156
156
len=  157
nodeid=  157
157
len=  158
nodeid=  158
158
len=  159
nodeid=  159
159
len=  160
nodeid=  160
160
len=  161
nodeid=  161
161
len=  162
nodeid=  162
162
len=  163
nodeid=  163
163
len=  164
nodeid=  164
164
len=  165
nodeid=  165
165
len=  166
nodeid=  166
166
len=  167
nodeid=  167
167
len=  168
nodeid=  168
168
len=  169
nodeid=  169
169
len=  170
nodeid=  170
170
len=  171
nodeid=  171
171
len=  172
nodeid=  172
172
len=  173
nodeid=  173
173
len=  174
nodeid=  174
174
len=  175
nodeid=  175
175
len=  176
nodeid=  176
176
len=  177
nodeid=  177
177
len=  178
nodeid=  178
178
len=  179
nodeid=  179
179
len=  180
nodeid=  180
180
len=  181
nodeid=  181
181
len=  182
nodeid=  182
182
len=  183
nodeid=  183
183
len=  184
nodeid=  184
184
len=  185
nodeid=  185
185
len=  186
nodeid=  186
186
len=  187
nodeid=  187
187
len=  188
nodeid=  188
188
len=  189
nodeid=  189
189
len=  190
nodeid=  190
190
len=  191
nodeid=  191
191
len=  192
nodeid=  192
192
len=  193
nodeid=  193
193
len=  194
nodeid=  194
194
len=  195
nodeid=  195
195
len=  196
nodeid=  196
196
len=  197
nodeid=  197
197
len=  198
nodeid=  198
198
len=  199
nodeid=  199
199
len=  200
nodeid=  200
200
len=  201
nodeid=  201
201
len=  202
nodeid=  202
202
len=  203
nodeid=  203
203
len=  204
nodeid=  204
204
len=  205
nodeid=  205
205
len=  206
nodeid=  206
206
len=  207
nodeid=  207
207
len=  208
nodeid=  208
208
len=  209
nodeid=  209
209
len=  210
nodeid=  210
210
len=  211
nodeid=  211
211
len=  212
nodeid=  212
212
len=  213
nodeid=  213
213
len=  214
nodeid=  214
214
len=  215
nodeid=  215
215
len=  216
nodeid=  216
216
len=  217
nodeid=  217
217
len=  218
nodeid=  218
218
len=  219
nodeid=  219
219
len=  220
nodeid=  220
220
len=  221
nodeid=  221
221
len=  222
nodeid=  222
222
len=  223
nodeid=  223
223
len=  224
nodeid=  224
224
len=  225
nodeid=  225
225
len=  226
nodeid=  226
226
len=  227
nodeid=  227
227
len=  228
nodeid=  228
228
len=  229
nodeid=  229
229
len=  230
nodeid=  230
230
len=  231
nodeid=  231
231
len=  232
nodeid=  232
232
len=  233
nodeid=  233
233
len=  234
nodeid=  234
234
len=  235
nodeid=  235
235
len=  236
nodeid=  236
236
len=  237
nodeid=  237
237
len=  238
nodeid=  238
238
len=  239
nodeid=  239
239
len=  240
nodeid=  240
240
len=  241
nodeid=  241
241
len=  242
nodeid=  242
242
len=  243
nodeid=  243
243
len=  244
nodeid=  244
244
len=  245
nodeid=  245
245
len=  246
nodeid=  246
246
len=  247
nodeid=  247
247
len=  248
nodeid=  248
248
len=  249
nodeid=  249
249
len=  250
nodeid=  250
250
len=  251
nodeid=  251
251
len=  252
nodeid=  252
252
len=  253
nodeid=  253
253
len=  254
nodeid=  254
254
len=  255
nodeid=  255
255
len=  256
nodeid=  256
256
len=  257
nodeid=  257
257
len=  258
nodeid=  258
258
len=  259
nodeid=  259
259
len=  260
nodeid=  260
260
len=  261
nodeid=  261
261
len=  262
nodeid=  262
262
len=  263
nodeid=  263
263
len=  264
nodeid=  264
264
len=  265
nodeid=  265
265
len=  266
nodeid=  266
266
len=  267
nodeid=  267
267
len=  268
nodeid=  268
268
len=  269
nodeid=  269
269
len=  270
nodeid=  270
270
len=  271
nodeid=  271
271
len=  272
nodeid=  272
272
len=  273
nodeid=  273
273
len=  274
nodeid=  274
274
len=  275
nodeid=  275
275
len=  276
nodeid=  276
276
len=  277
nodeid=  277
277
len=  278
nodeid=  278
278
len=  279
nodeid=  279
279
len=  280
nodeid=  280
280
len=  281
nodeid=  281
281
len=  282
nodeid=  282
282
len=  283
nodeid=  283
283
len=  284
nodeid=  284
284
len=  285
nodeid=  285
285
len=  286
nodeid=  286
286
len=  287
nodeid=  287
287
len=  288
nodeid=  288
288
len=  289
nodeid=  289
289
len=  290
nodeid=  290
290
len=  291
nodeid=  291
291
len=  292
nodeid=  292
292
len=  293
nodeid=  293
293
len=  294
nodeid=  294
294
len=  295
nodeid=  295
295
len=  296
nodeid=  296
296
len=  297
nodeid=  297
297
len=  298
nodeid=  298
298
len=  299
nodeid=  299
299
len=  300
nodeid=  300
300
len=  301
nodeid=  301
301
len=  302
nodeid=  302
302
len=  303
nodeid=  303
303
len=  304
nodeid=  304
304
len=  305
nodeid=  305
305
len=  306
nodeid=  306
306
len=  307
nodeid=  307
307
len=  308
nodeid=  308
308
len=  309
nodeid=  309
309
len=  310
nodeid=  310
310
len=  311
nodeid=  311
311
len=  312
nodeid=  312
312
len=  313
nodeid=  313
313
len=  314
nodeid=  314
314
len=  315
nodeid=  315
315
len=  316
nodeid=  316
316
len=  317
nodeid=  317
317
len=  318
nodeid=  318
318
len=  319
nodeid=  319
319
len=  320
nodeid=  320
320
len=  321
nodeid=  321
321
len=  322
nodeid=  322
322
len=  323
nodeid=  323
323
len=  324
nodeid=  324
324
len=  325
nodeid=  325
325
len=  326
nodeid=  326
326
len=  327
nodeid=  327
327
len=  328
nodeid=  328
328
len=  329
nodeid=  329
329
len=  330
nodeid=  330
330
len=  331
nodeid=  331
331
len=  332
nodeid=  332
332
len=  333
nodeid=  333
333
len=  334
nodeid=  334
334
len=  335
nodeid=  335
335
len=  336
nodeid=  336
336
len=  337
nodeid=  337
337
len=  338
nodeid=  338
338
len=  339
nodeid=  339
339
len=  340
nodeid=  340
340
len=  341
nodeid=  341
341
len=  342
nodeid=  342
342
len=  343
nodeid=  343
343
len=  344
nodeid=  344
344
len=  345
nodeid=  345
345
len=  346
nodeid=  346
346
len=  347
nodeid=  347
347
len=  348
nodeid=  348
348
len=  349
nodeid=  349
349
len=  350
nodeid=  350
350
len=  351
nodeid=  351
351
len=  352
nodeid=  352
352
len=  353
nodeid=  353
353
len=  354
nodeid=  354
354
len=  355
nodeid=  355
355
len=  356
nodeid=  356
356
len=  357
nodeid=  357
357
len=  358
nodeid=  358
358
len=  359
nodeid=  359
359
len=  360
nodeid=  360
360
len=  361
nodeid=  361
361
len=  362
nodeid=  362
362
len=  363
nodeid=  363
363
len=  364
nodeid=  364
364
len=  365
nodeid=  365
365
len=  366
nodeid=  366
366
len=  367
nodeid=  367
367
len=  368
nodeid=  368
368
len=  369
nodeid=  369
369
len=  370
nodeid=  370
370
len=  371
nodeid=  371
371
len=  372
nodeid=  372
372
len=  373
nodeid=  373
373
len=  374
nodeid=  374
374
len=  375
nodeid=  375
375
len=  376
nodeid=  376
376
len=  377
nodeid=  377
377
len=  378
nodeid=  378
378
len=  379
nodeid=  379
379
len=  380
nodeid=  380
380
len=  381
nodeid=  381
381
len=  382
nodeid=  382
382
len=  383
nodeid=  383
383
len=  384
nodeid=  384
384
len=  385
nodeid=  385
385
len=  386
nodeid=  386
386
len=  387
nodeid=  387
387
len=  388
nodeid=  388
388
len=  389
nodeid=  389
389
len=  390
nodeid=  390
390
len=  391
nodeid=  391
391
len=  392
nodeid=  392
392
len=  393
nodeid=  393
393
len=  394
nodeid=  394
394
len=  395
nodeid=  395
395
len=  396
nodeid=  396
396
len=  397
nodeid=  397
397
len=  398
nodeid=  398
398
len=  399
nodeid=  399
399
len=  400
nodeid=  400
400
len=  401
nodeid=  401
401
len=  402
nodeid=  402
402
len=  403
nodeid=  403
403
len=  404
nodeid=  404
404
len=  405
nodeid=  405
405
len=  406
nodeid=  406
406
len=  407
nodeid=  407
407
len=  408
nodeid=  408
408
len=  409
nodeid=  409
409
len=  410
nodeid=  410
410
len=  411
nodeid=  411
411
len=  412
nodeid=  412
412
len=  413
nodeid=  413
413
len=  414
nodeid=  414
414
len=  415
nodeid=  415
415
len=  416
nodeid=  416
416
len=  417
nodeid=  417
417
len=  418
nodeid=  418
418
len=  419
nodeid=  419
419
len=  420
nodeid=  420
420
len=  421
nodeid=  421
421
len=  422
nodeid=  422
422
len=  423
nodeid=  423
423
len=  424
nodeid=  424
424
len=  425
nodeid=  425
425
len=  426
nodeid=  426
426
len=  427
nodeid=  427
427
len=  428
nodeid=  428
428
len=  429
nodeid=  429
429
len=  430
nodeid=  430
430
len=  431
nodeid=  431
431
len=  432
nodeid=  432
432
len=  433
nodeid=  433
433
len=  434
nodeid=  434
434
len=  435
nodeid=  435
435
len=  436
nodeid=  436
436
len=  437
nodeid=  437
437
len=  438
nodeid=  438
438
len=  439
nodeid=  439
439
len=  440
nodeid=  440
440
len=  441
nodeid=  441
441
len=  442
nodeid=  442
442
len=  443
nodeid=  443
443
len=  444
nodeid=  444
444
len=  445
nodeid=  445
445
len=  446
nodeid=  446
446
len=  447
nodeid=  447
447
len=  448
nodeid=  448
448
len=  449
nodeid=  449
449
len=  450
nodeid=  450
450
len=  451
nodeid=  451
451
len=  452
nodeid=  452
452
len=  453
nodeid=  453
453
len=  454
nodeid=  454
454
len=  455
nodeid=  455
455
len=  456
nodeid=  456
456
len=  457
nodeid=  457
457
len=  458
nodeid=  458
458
len=  459
nodeid=  459
459
len=  460
nodeid=  460
460
len=  461
nodeid=  461
461
len=  462
nodeid=  462
462
len=  463
nodeid=  463
463
len=  464
nodeid=  464
464
len=  465
nodeid=  465
465
len=  466
nodeid=  466
466
len=  467
nodeid=  467
467
len=  468
nodeid=  468
468
len=  469
nodeid=  469
469
len=  470
nodeid=  470
470
len=  471
nodeid=  471
471
len=  472
nodeid=  472
472
len=  473
nodeid=  473
473
len=  474
nodeid=  474
474
len=  475
nodeid=  475
475
len=  476
nodeid=  476
476
len=  477
nodeid=  477
477
len=  478
nodeid=  478
478
len=  479
nodeid=  479
479
len=  480
nodeid=  480
480
len=  481
nodeid=  481
481
len=  482
nodeid=  482
482
len=  483
nodeid=  483
483
len=  484
nodeid=  484
484
len=  485
nodeid=  485
485
len=  486
nodeid=  486
486
len=  487
nodeid=  487
487
len=  488
nodeid=  488
488
len=  489
nodeid=  489
489
len=  490
nodeid=  490
490
len=  491
nodeid=  491
491
len=  492
nodeid=  492
492
len=  493
nodeid=  493
493
len=  494
nodeid=  494
494
len=  495
nodeid=  495
495
len=  496
nodeid=  496
496
len=  497
nodeid=  497
497
len=  498
nodeid=  498
498
len=  499
nodeid=  499
499
len=  500
nodeid=  500
500
len=  501
nodeid=  501
501
len=  502
nodeid=  502
502
len=  503
nodeid=  503
503
len=  504
nodeid=  504
504
len=  505
nodeid=  505
505
len=  506
nodeid=  506
506
len=  507
nodeid=  507
507
len=  508
nodeid=  508
508
len=  509
nodeid=  509
509
len=  510
nodeid=  510
510
len=  511
nodeid=  511
511
len=  512
nodeid=  512
512
len=  513
nodeid=  513
513
len=  514
nodeid=  514
514
len=  515
nodeid=  515
515
len=  516
nodeid=  516
516
len=  517
nodeid=  517
517
len=  518
nodeid=  518
518
len=  519
nodeid=  519
519
len=  520
nodeid=  520
520
len=  521
nodeid=  521
521
len=  522
nodeid=  522
522
len=  523
nodeid=  523
523
len=  524
nodeid=  524
524
len=  525
nodeid=  525
525
len=  526
nodeid=  526
526
len=  527
nodeid=  527
527
len=  528
nodeid=  528
528
len=  529
nodeid=  529
529
len=  530
nodeid=  530
530
len=  531
nodeid=  531
531
len=  532
nodeid=  532
532
len=  533
nodeid=  533
533
len=  534
nodeid=  534
534
len=  535
nodeid=  535
535
len=  536
nodeid=  536
536
len=  537
nodeid=  537
537
len=  538
nodeid=  538
538
len=  539
nodeid=  539
539
len=  540
nodeid=  540
540
len=  541
nodeid=  541
541
len=  542
nodeid=  542
542
len=  543
nodeid=  543
543
len=  544
nodeid=  544
544
len=  545
nodeid=  545
545
len=  546
nodeid=  546
546
len=  547
nodeid=  547
547
len=  548
nodeid=  548
548
len=  549
nodeid=  549
549
len=  550
nodeid=  550
550
len=  551
nodeid=  551
551
len=  552
nodeid=  552
552
len=  553
nodeid=  553
553
len=  554
nodeid=  554
554
len=  555
nodeid=  555
555
len=  556
nodeid=  556
556
len=  557
nodeid=  557
557
len=  558
nodeid=  558
558
len=  559
nodeid=  559
559
len=  560
nodeid=  560
560
len=  561
nodeid=  561
561
len=  562
nodeid=  562
562
len=  563
nodeid=  563
563
len=  564
nodeid=  564
564
len=  565
nodeid=  565
565
len=  566
nodeid=  566
566
len=  567
nodeid=  567
567
len=  568
nodeid=  568
568
len=  569
nodeid=  569
569
len=  570
nodeid=  570
570
len=  571
nodeid=  571
571
len=  572
nodeid=  572
572
len=  573
nodeid=  573
573
len=  574
nodeid=  574
574
len=  575
nodeid=  575
575
len=  576
nodeid=  576
576
len=  577
nodeid=  577
577
len=  578
nodeid=  578
578
len=  579
nodeid=  579
579
len=  580
nodeid=  580
580
len=  581
nodeid=  581
581
len=  582
nodeid=  582
582
len=  583
nodeid=  583
583
len=  584
nodeid=  584
584
len=  585
nodeid=  585
585
len=  586
nodeid=  586
586
len=  587
nodeid=  587
587
len=  588
nodeid=  588
588
len=  589
nodeid=  589
589
len=  590
nodeid=  590
590
len=  591
nodeid=  591
591
len=  592
nodeid=  592
592
len=  593
nodeid=  593
593
len=  594
nodeid=  594
594
len=  595
nodeid=  595
595
len=  596
nodeid=  596
596
len=  597
nodeid=  597
597
len=  598
nodeid=  598
598
len=  599
nodeid=  599
599
len=  600
nodeid=  600
600
len=  601
nodeid=  601
601
len=  602
nodeid=  602
602
len=  603
nodeid=  603
603
len=  604
nodeid=  604
604
len=  605
nodeid=  605
605
len=  606
nodeid=  606
606
len=  607
nodeid=  607
607
len=  608
nodeid=  608
608
len=  609
nodeid=  609
609
len=  610
nodeid=  610
610
len=  611
nodeid=  611
611
len=  612
nodeid=  612
612
len=  613
nodeid=  613
613
len=  614
nodeid=  614
614
len=  615
nodeid=  615
615
len=  616
nodeid=  616
616
len=  617
nodeid=  617
617
len=  618
nodeid=  618
618
len=  619
nodeid=  619
619
len=  620
nodeid=  620
620
len=  621
nodeid=  621
621
len=  622
nodeid=  622
622
len=  623
nodeid=  623
623
len=  624
nodeid=  624
624
len=  625
nodeid=  625
625
len=  626
nodeid=  626
626
len=  627
nodeid=  627
627
len=  628
nodeid=  628
628
len=  629
nodeid=  629
629
len=  630
nodeid=  630
630
len=  631
nodeid=  631
631
len=  632
nodeid=  632
632
len=  633
nodeid=  633
633
len=  634
nodeid=  634
634
len=  635
nodeid=  635
635
len=  636
nodeid=  636
636
len=  637
nodeid=  637
637
len=  638
nodeid=  638
638
len=  639
nodeid=  639
639
len=  640
nodeid=  640
640
len=  641
nodeid=  641
641
len=  642
nodeid=  642
642
len=  643
nodeid=  643
643
len=  644
nodeid=  644
644
len=  645
nodeid=  645
645
len=  646
nodeid=  646
646
len=  647
nodeid=  647
647
len=  648
nodeid=  648
648
len=  649
nodeid=  649
649
len=  650
nodeid=  650
650
len=  651
nodeid=  651
651
len=  652
nodeid=  652
652
len=  653
nodeid=  653
653
len=  654
nodeid=  654
654
len=  655
nodeid=  655
655
len=  656
nodeid=  656
656
len=  657
nodeid=  657
657
len=  658
nodeid=  658
658
len=  659
nodeid=  659
659
len=  660
nodeid=  660
660
len=  661
nodeid=  661
661
len=  662
nodeid=  662
662
len=  663
nodeid=  663
663
len=  664
nodeid=  664
664
len=  665
nodeid=  665
665
len=  666
nodeid=  666
666
len=  667
nodeid=  667
667
len=  668
nodeid=  668
668
len=  669
nodeid=  669
669
len=  670
nodeid=  670
670
len=  671
nodeid=  671
671
len=  672
nodeid=  672
672
len=  673
nodeid=  673
673
len=  674
nodeid=  674
674
len=  675
nodeid=  675
675
len=  676
nodeid=  676
676
len=  677
nodeid=  677
677
len=  678
nodeid=  678
678
len=  679
nodeid=  679
679
len=  680
nodeid=  680
680
len=  681
nodeid=  681
681
len=  682
nodeid=  682
682
len=  683
nodeid=  683
683
len=  684
nodeid=  684
684
len=  685
nodeid=  685
685
len=  686
nodeid=  686
686
len=  687
nodeid=  687
687
len=  688
nodeid=  688
688
len=  689
nodeid=  689
689
len=  690
nodeid=  690
690
len=  691
nodeid=  691
691
len=  692
nodeid=  692
692
len=  693
nodeid=  693
693
len=  694
nodeid=  694
694
len=  695
nodeid=  695
695
len=  696
nodeid=  696
696
len=  697
nodeid=  697
697
len=  698
nodeid=  698
698
len=  699
nodeid=  699
699
len=  700
nodeid=  700
700
len=  701
nodeid=  701
701
len=  702
nodeid=  702
702
len=  703
nodeid=  703
703
len=  704
nodeid=  704
704
len=  705
nodeid=  705
705
len=  706
nodeid=  706
706
len=  707
nodeid=  707
707
len=  708
nodeid=  708
708
len=  709
nodeid=  709
709
len=  710
nodeid=  710
710
len=  711
nodeid=  711
711
len=  712
nodeid=  712
712
len=  713
nodeid=  713
713
len=  714
nodeid=  714
714
len=  715
nodeid=  715
715
len=  716
nodeid=  716
716
len=  717
nodeid=  717
717
len=  718
nodeid=  718
718
len=  719
nodeid=  719
719
len=  720
nodeid=  720
720
len=  721
nodeid=  721
721
len=  722
nodeid=  722
722
len=  723
nodeid=  723
723
len=  724
nodeid=  724
724
len=  725
nodeid=  725
725
len=  726
nodeid=  726
726
len=  727
nodeid=  727
727
len=  728
nodeid=  728
728
len=  729
nodeid=  729
729
len=  730
nodeid=  730
730
len=  731
nodeid=  731
731
len=  732
nodeid=  732
732
len=  733
nodeid=  733
733
len=  734
nodeid=  734
734
len=  735
nodeid=  735
735
len=  736
nodeid=  736
736
len=  737
nodeid=  737
737
len=  738
nodeid=  738
738
len=  739
nodeid=  739
739
len=  740
nodeid=  740
740
len=  741
nodeid=  741
741
len=  742
nodeid=  742
742
len=  743
nodeid=  743
743
len=  744
nodeid=  744
744
len=  745
nodeid=  745
745
len=  746
nodeid=  746
746
len=  747
nodeid=  747
747
len=  748
nodeid=  748
748
len=  749
nodeid=  749
749
len=  750
nodeid=  750
750
len=  751
nodeid=  751
751
len=  752
nodeid=  752
752
len=  753
nodeid=  753
753
len=  754
nodeid=  754
754
len=  755
nodeid=  755
755
len=  756
nodeid=  756
756
len=  757
nodeid=  757
757
len=  758
nodeid=  758
758
len=  759
nodeid=  759
759
len=  760
nodeid=  760
760
len=  761
nodeid=  761
761
len=  762
nodeid=  762
762
len=  763
nodeid=  763
763
len=  764
nodeid=  764
764
len=  765
nodeid=  765
765
len=  766
nodeid=  766
766
len=  767
nodeid=  767
767
len=  768
nodeid=  768
768
len=  769
nodeid=  769
769
len=  770
nodeid=  770
770
len=  771
nodeid=  771
771
len=  772
nodeid=  772
772
len=  773
nodeid=  773
773
len=  774
nodeid=  774
774
len=  775
nodeid=  775
775
len=  776
nodeid=  776
776
len=  777
nodeid=  777
777
len=  778
nodeid=  778
778
len=  779
nodeid=  779
779
len=  780
nodeid=  780
780
len=  781
nodeid=  781
781
len=  782
nodeid=  782
782
len=  783
nodeid=  783
783
len=  784
nodeid=  784
784
len=  785
nodeid=  785
785
len=  786
nodeid=  786
786
len=  787
nodeid=  787
787
len=  788
nodeid=  788
788
len=  789
nodeid=  789
789
len=  790
nodeid=  790
790
len=  791
nodeid=  791
791
len=  792
nodeid=  792
792
len=  793
nodeid=  793
793
len=  794
nodeid=  794
794
len=  795
nodeid=  795
795
len=  796
nodeid=  796
796
len=  797
nodeid=  797
797
len=  798
nodeid=  798
798
len=  799
nodeid=  799
799
len=  800
nodeid=  800
800
len=  801
nodeid=  801
801
len=  802
nodeid=  802
802
len=  803
nodeid=  803
803
len=  804
nodeid=  804
804
len=  805
nodeid=  805
805
len=  806
nodeid=  806
806
len=  807
nodeid=  807
807
len=  808
nodeid=  808
808
len=  809
nodeid=  809
809
len=  810
nodeid=  810
810
len=  811
nodeid=  811
811
len=  812
nodeid=  812
812
len=  813
nodeid=  813
813
len=  814
nodeid=  814
814
len=  815
nodeid=  815
815
len=  816
nodeid=  816
816
len=  817
nodeid=  817
817
len=  818
nodeid=  818
818
len=  819
nodeid=  819
819
len=  820
nodeid=  820
820
len=  821
nodeid=  821
821
len=  822
nodeid=  822
822
len=  823
nodeid=  823
823
len=  824
nodeid=  824
824
len=  825
nodeid=  825
825
len=  826
nodeid=  826
826
len=  827
nodeid=  827
827
len=  828
nodeid=  828
828
len=  829
nodeid=  829
829
len=  830
nodeid=  830
830
len=  831
nodeid=  831
831
len=  832
nodeid=  832
832
len=  833
nodeid=  833
833
len=  834
nodeid=  834
834
len=  835
nodeid=  835
835
len=  836
nodeid=  836
836
len=  837
nodeid=  837
837
len=  838
nodeid=  838
838
len=  839
nodeid=  839
839
len=  840
nodeid=  840
840
len=  841
nodeid=  841
841
len=  842
nodeid=  842
842
len=  843
nodeid=  843
843
len=  844
nodeid=  844
844
len=  845
nodeid=  845
845
len=  846
nodeid=  846
846
len=  847
nodeid=  847
847
len=  848
nodeid=  848
848
len=  849
nodeid=  849
849
len=  850
nodeid=  850
850
len=  851
nodeid=  851
851
len=  852
nodeid=  852
852
len=  853
nodeid=  853
853
len=  854
nodeid=  854
854
len=  855
nodeid=  855
855
len=  856
nodeid=  856
856
len=  857
nodeid=  857
857
len=  858
nodeid=  858
858
len=  859
nodeid=  859
859
len=  860
nodeid=  860
860
len=  861
nodeid=  861
861
len=  862
nodeid=  862
862
len=  863
nodeid=  863
863
len=  864
nodeid=  864
864
len=  865
nodeid=  865
865
len=  866
nodeid=  866
866
len=  867
nodeid=  867
867
len=  868
nodeid=  868
868
len=  869
nodeid=  869
869
len=  870
nodeid=  870
870
len=  871
nodeid=  871
871
len=  872
nodeid=  872
872
len=  873
nodeid=  873
873
len=  874
nodeid=  874
874
len=  875
nodeid=  875
875
len=  876
nodeid=  876
876
len=  877
nodeid=  877
877
len=  878
nodeid=  878
878
len=  879
nodeid=  879
879
len=  880
nodeid=  880
880
len=  881
nodeid=  881
881
len=  882
nodeid=  882
882
len=  883
nodeid=  883
883
len=  884
nodeid=  884
884
len=  885
nodeid=  885
885
len=  886
nodeid=  886
886
len=  887
nodeid=  887
887
len=  888
nodeid=  888
888
len=  889
nodeid=  889
889
len=  890
nodeid=  890
890
len=  891
nodeid=  891
891
len=  892
nodeid=  892
892
len=  893
nodeid=  893
893
len=  894
nodeid=  894
894
len=  895
nodeid=  895
895
len=  896
nodeid=  896
896
len=  897
nodeid=  897
897
len=  898
nodeid=  898
898
len=  899
nodeid=  899
899
len=  900
nodeid=  900
900
len=  901
nodeid=  901
901
len=  902
nodeid=  902
902
len=  903
nodeid=  903
903
len=  904
nodeid=  904
904
len=  905
nodeid=  905
905
len=  906
nodeid=  906
906
len=  907
nodeid=  907
907
len=  908
nodeid=  908
908
len=  909
nodeid=  909
909
len=  910
nodeid=  910
910
len=  911
nodeid=  911
911
len=  912
nodeid=  912
912
len=  913
nodeid=  913
913
len=  914
nodeid=  914
914
len=  915
nodeid=  915
915
len=  916
nodeid=  916
916
len=  917
nodeid=  917
917
len=  918
nodeid=  918
918
len=  919
nodeid=  919
919
